<?xml version="1.0" encoding="UTF-8"?>
<!-- Generated by org.testng.reporters.JUnitReportReporter -->
<testsuite skipped="0" hostname="DESKTOP-D7ORO7J" name="com.qa.TestClasses.EnrolleeTest" tests="2" failures="0" timestamp="25 Mar 2020 11:40:29 GMT" time="134.687" errors="0">
  <testcase name="IESEnrolleeAddition" time="69.047" classname="com.qa.TestClasses.EnrolleeTest"/>
  <testcase name="IESEnrolleeAddition" time="65.640" classname="com.qa.TestClasses.EnrolleeTest"/>
</testsuite> <!-- com.qa.TestClasses.EnrolleeTest -->
