<?xml version="1.0" encoding="UTF-8"?>
<!-- Generated by org.testng.reporters.JUnitReportReporter -->
<testsuite skipped="0" hostname="DESKTOP-D7ORO7J" name="com.qa.TestClasses.SelfServiceEnrolleeTest" tests="3" failures="0" timestamp="24 Mar 2020 11:33:15 GMT" time="465.308" errors="0">
  <testcase name="IESProductAddition" time="156.865" classname="com.qa.TestClasses.SelfServiceEnrolleeTest"/>
  <testcase name="IESProductAddition" time="150.137" classname="com.qa.TestClasses.SelfServiceEnrolleeTest"/>
  <testcase name="IESProductAddition" time="158.306" classname="com.qa.TestClasses.SelfServiceEnrolleeTest"/>
</testsuite> <!-- com.qa.TestClasses.SelfServiceEnrolleeTest -->
