<?xml version="1.0" encoding="UTF-8"?>
<!-- Generated by org.testng.reporters.JUnitReportReporter -->
<testsuite skipped="0" hostname="DESKTOP-D7ORO7J" name="com.qa.TestClasses.DependentTest" tests="3" failures="0" timestamp="23 Mar 2020 13:57:35 GMT" time="243.105" errors="0">
  <testcase name="IESDependentAddition" time="62.339" classname="com.qa.TestClasses.DependentTest"/>
  <testcase name="IESDependentAddition" time="69.729" classname="com.qa.TestClasses.DependentTest"/>
  <testcase name="IESDependentAddition" time="111.037" classname="com.qa.TestClasses.DependentTest"/>
</testsuite> <!-- com.qa.TestClasses.DependentTest -->
