<?xml version="1.0" encoding="UTF-8"?>
<!-- Generated by org.testng.reporters.JUnitReportReporter -->
<testsuite skipped="0" hostname="DESKTOP-D7ORO7J" name="com.qa.TestClasses.SelfServiceDependentTest" tests="3" failures="0" timestamp="24 Mar 2020 12:57:40 GMT" time="201.556" errors="0">
  <testcase name="IESProductAddition" time="69.634" classname="com.qa.TestClasses.SelfServiceDependentTest"/>
  <testcase name="IESProductAddition" time="82.750" classname="com.qa.TestClasses.SelfServiceDependentTest"/>
  <testcase name="IESProductAddition" time="49.172" classname="com.qa.TestClasses.SelfServiceDependentTest"/>
</testsuite> <!-- com.qa.TestClasses.SelfServiceDependentTest -->
