<?xml version="1.0" encoding="UTF-8"?>
<!-- Generated by org.testng.reporters.JUnitReportReporter -->
<testsuite skipped="1" hostname="DESKTOP-D7ORO7J" name="com.qa.TestClasses.DifferentApproachTest" tests="1" failures="0" timestamp="30 Mar 2020 10:03:45 GMT" time="0.000" errors="0">
  <testcase name="IESEnrolleeAddition" time="0.000" classname="com.qa.TestClasses.DifferentApproachTest">
    <skipped/>
  </testcase> <!-- IESEnrolleeAddition -->
</testsuite> <!-- com.qa.TestClasses.DifferentApproachTest -->
