<?xml version="1.0" encoding="UTF-8"?>
<!-- Generated by org.testng.reporters.JUnitReportReporter -->
<testsuite skipped="0" hostname="DESKTOP-D7ORO7J" name="com.qa.TestClasses.CaseAndLocationTest" tests="1" failures="0" timestamp="17 Mar 2020 15:06:59 GMT" time="27.467" errors="0">
  <testcase name="IES_CaseAndLocationTest" time="27.467" classname="com.qa.TestClasses.CaseAndLocationTest"/>
</testsuite> <!-- com.qa.TestClasses.CaseAndLocationTest -->
